        -:    0:Source:Field.cpp
        -:    0:Graph:Field.gcno
        -:    0:Data:Field.gcda
        -:    0:Runs:1
        -:    0:Programs:1
        -:    1:#include "Field.h"
        -:    2:#include <iostream>
        -:    3:#include <vector>
        -:    4:
        -:    5:/**
        -:    6: * Constructor creates a 10x10 grid with no mines
        -:    7:**/
function _ZN5FieldC2Ev called 7 returned 100% blocks executed 86%
        7:    8: Field::Field()
call    0 returned 100%
call    1 never executed
        -:    9: {
        7:   10: 	_map.resize(FIELD_DIMENSION);
call    0 returned 100%
branch  1 taken 100% (fallthrough)
branch  2 taken 0% (throw)
call    3 returned 100%
branch  4 taken 100% (fallthrough)
branch  5 taken 0% (throw)
call    6 returned 100%
branch  7 taken 100% (fallthrough)
branch  8 taken 0% (throw)
call    9 never executed
       77:   11: 	for(unsigned int i=0; i < _map.size(); i++)
call    0 returned 100%
branch  1 taken 91% (fallthrough)
branch  2 taken 9%
        -:   12: 	{
       70:   13: 		_map[i].resize(FIELD_DIMENSION);
call    0 returned 100%
call    1 returned 100%
branch  2 taken 100% (fallthrough)
branch  3 taken 0% (throw)
      770:   14: 		for(unsigned int j=0; j < _map[i].size(); j++)
call    0 returned 100%
call    1 returned 100%
branch  2 taken 91% (fallthrough)
branch  3 taken 9%
        -:   15: 		{
      700:   16: 			_map[i][j] = EMPTY_HIDDEN;
call    0 returned 100%
call    1 returned 100%
        -:   17: 		}
        -:   18: 	}
        7:   19: }
        -:   20:
function _ZN5Field8inBoundsEii called 761 returned 100% blocks executed 100%
      761:   21: bool Field::inBounds(int x, int y)
        -:   22: {
      761:   23: 	if(x < 0 || x >= FIELD_DIMENSION || y < 0 || y >= FIELD_DIMENSION)
branch  0 taken 99% (fallthrough)
branch  1 taken 1%
branch  2 taken 97% (fallthrough)
branch  3 taken 3%
branch  4 taken 98% (fallthrough)
branch  5 taken 2%
branch  6 taken 3% (fallthrough)
branch  7 taken 97%
        -:   24: 	{
       67:   25: 		return false;
        -:   26: 	}
        -:   27: 	else
      694:   28: 		return true;
        -:   29: }
        -:   30:
        -:   31: /**
        -:   32:  * Places a mine at the x,y coordinate in the field
        -:   33: **/
function _ZN5Field9placeMineEii called 13 returned 100% blocks executed 100%
       13:   34: void Field::placeMine(int x, int y)
        -:   35: {
       13:   36: 	if( inBounds(x,y) )
call    0 returned 100%
branch  1 taken 100% (fallthrough)
branch  2 taken 0%
       13:   37: 		_map[x][y] = MINE_HIDDEN;
call    0 returned 100%
call    1 returned 100%
       13:   38: }
        -:   39:
        -:   40:/**
        -:   41: * Retrieves the state of the field at location (x,y)
        -:   42:**/
function _ZN5Field3getEii called 12 returned 100% blocks executed 75%
       12:   43:FieldType Field::get(int x, int y)
        -:   44:{
       12:   45:	if( inBounds(x,y) )
call    0 returned 100%
branch  1 taken 100% (fallthrough)
branch  2 taken 0%
       24:   46: 		return _map[x][y];
call    0 returned 100%
call    1 returned 100%
        -:   47: 	else
    #####:   48: 		throw "Out of bounds";
call    0 never executed
call    1 never executed
        -:   49:}
        -:   50:
        -:   51:/**
        -:   52: * Returns whether or not _map at (x,y) has a mine and throws an
        -:   53: * exception if the location is illegal
        -:   54:**/
function _ZN5Field6isSafeEii called 3 returned 100% blocks executed 100%
        3:   55: bool Field::isSafe(int x, int y)
        -:   56: {
        3:   57: 	return inBounds(x,y) && (_map[x][y] != MINE_HIDDEN && _map[x][y] != MINE_SHOWN);
call    0 returned 100%
branch  1 taken 67% (fallthrough)
branch  2 taken 33%
call    3 returned 100%
call    4 returned 100%
branch  5 taken 50% (fallthrough)
branch  6 taken 50%
call    7 returned 100%
call    8 returned 100%
branch  9 taken 100% (fallthrough)
branch 10 taken 0%
        -:   58: }
        -:   59:
        -:   60:/**
        -:   61: * Changes the location from EMPTY_HIDDEN to EMPTY_SHOWN for the
        -:   62: * location and any valid locations adjacent (immediately above,
        -:   63: * below, left, or right as printed) to the provided (x,y) location
        -:   64:**/
function _ZN5Field14revealAdjacentEii called 723 returned 100% blocks executed 100%
      723:   65:void Field::revealAdjacent(int x, int y)
        -:   66:{
        -:   67:	bool inside;
      723:   68:	inside = inBounds(x,y);
call    0 returned 100%
      723:   69:	if( !inside || _map[x][y] == MINE_HIDDEN || _map[x][y] == MINE_SHOWN )
branch  0 taken 91% (fallthrough)
branch  1 taken 9%
call    2 returned 100%
call    3 returned 100%
branch  4 taken 98% (fallthrough)
branch  5 taken 2%
call    6 returned 100%
call    7 returned 100%
branch  8 taken 1% (fallthrough)
branch  9 taken 99%
branch 10 taken 11% (fallthrough)
branch 11 taken 89%
        -:   70:	{
       77:   71:		return;
        -:   72:	}
      646:   73:	else if( _map[x][y] == EMPTY_HIDDEN )
call    0 returned 100%
call    1 returned 100%
branch  2 taken 28% (fallthrough)
branch  3 taken 72%
        -:   74:	{
      180:   75:		_map[x][y] = EMPTY_SHOWN;
call    0 returned 100%
call    1 returned 100%
      180:   76:		revealAdjacent(x-1,y);
call    0 returned 100%
      180:   77:		revealAdjacent(x,y-1);
call    0 returned 100%
      180:   78:		revealAdjacent(x+1,y);
call    0 returned 100%
      180:   79:		revealAdjacent(x,y+1);
call    0 returned 100%
        -:   80:	}
        -:   81:}
        -:   82:
        -:   83:
        -:   84://
function _ZN5Field14placeMineShownEii called 10 returned 100% blocks executed 100%
       10:   85:void Field::placeMineShown(int x, int y)
        -:   86:{
       10:   87:  if( inBounds(x,y) )
call    0 returned 100%
branch  1 taken 100% (fallthrough)
branch  2 taken 0%
       10:   88:   _map[x][y] = MINE_SHOWN;
call    0 returned 100%
call    1 returned 100%
function _GLOBAL__sub_I__ZN5FieldC2Ev called 1 returned 100% blocks executed 100%
function _Z41__static_initialization_and_destruction_0ii called 1 returned 100% blocks executed 100%
       13:   89:}
call    0 returned 100%
branch  1 taken 100% (fallthrough)
branch  2 taken 0%
branch  3 taken 100% (fallthrough)
branch  4 taken 0%
